# vsim -vopt work.axi_master_top -voptargs="+acc=npr" -assertdebug -l axi_master.log -sva -coverage -c -do "log -r /*; add wave -r /*; coverage save -onexit -assert -directive -cvg -codeAll axi_coverage.ucdb; run -all; exit" -wlf axi_waveform.wlf 
# Start time: 10:23:40 on Jan 22,2024
# ** Note: (vsim-3812) Design is being optimized...
# ** Warning: (vopt-8637) monitor/axi_master_monitor.sv(63): A modport ('axi_master_mo_mp') should not be used in a hierarchical path.
# ** Warning: (vopt-8637) monitor/axi_master_monitor.sv(63): A modport ('axi_master_mo_mp') should not be used in a hierarchical path.
# ** Warning: (vopt-8637) monitor/axi_master_monitor.sv(64): A modport ('axi_master_mo_mp') should not be used in a hierarchical path.
# ** Warning: (vopt-8637) monitor/axi_master_monitor.sv(64): A modport ('axi_master_mo_mp') should not be used in a hierarchical path.
# ** Warning: (vopt-8637) monitor/axi_master_monitor.sv(76): A modport ('axi_master_mo_mp') should not be used in a hierarchical path.
# ** Warning: (vopt-8637) monitor/axi_master_monitor.sv(76): A modport ('axi_master_mo_mp') should not be used in a hierarchical path.
# ** Warning: (vopt-8637) monitor/axi_master_monitor.sv(76): A modport ('axi_master_mo_mp') should not be used in a hierarchical path.
# ** Warning: (vopt-8637) monitor/axi_master_monitor.sv(76): A modport ('axi_master_mo_mp') should not be used in a hierarchical path.
# ** Warning: (vopt-8637) monitor/axi_master_monitor.sv(88): A modport ('axi_master_mo_mp') should not be used in a hierarchical path.
# ** Warning: (vopt-8637) monitor/axi_master_monitor.sv(88): A modport ('axi_master_mo_mp') should not be used in a hierarchical path.
# ** Warning: (vopt-8637) monitor/axi_master_monitor.sv(89): A modport ('axi_master_mo_mp') should not be used in a hierarchical path.
# ** Warning: (vopt-8637) monitor/axi_master_monitor.sv(89): A modport ('axi_master_mo_mp') should not be used in a hierarchical path.
# ** Warning: (vopt-8637) monitor/axi_master_monitor.sv(90): A modport ('axi_master_mo_mp') should not be used in a hierarchical path.
# ** Warning: (vopt-8637) monitor/axi_master_monitor.sv(90): A modport ('axi_master_mo_mp') should not be used in a hierarchical path.
# ** Warning: (vopt-8637) monitor/axi_master_monitor.sv(91): A modport ('axi_master_mo_mp') should not be used in a hierarchical path.
# ** Warning: (vopt-8637) monitor/axi_master_monitor.sv(91): A modport ('axi_master_mo_mp') should not be used in a hierarchical path.
# ** Warning: (vopt-8637) monitor/axi_master_monitor.sv(92): A modport ('axi_master_mo_mp') should not be used in a hierarchical path.
# ** Warning: (vopt-8637) monitor/axi_master_monitor.sv(92): A modport ('axi_master_mo_mp') should not be used in a hierarchical path.
# ** Warning: (vopt-8637) monitor/axi_master_monitor.sv(93): A modport ('axi_master_mo_mp') should not be used in a hierarchical path.
# ** Warning: (vopt-8637) monitor/axi_master_monitor.sv(93): A modport ('axi_master_mo_mp') should not be used in a hierarchical path.
# ** Warning: (vopt-8637) monitor/axi_master_monitor.sv(94): A modport ('axi_master_mo_mp') should not be used in a hierarchical path.
# ** Warning: (vopt-8637) monitor/axi_master_monitor.sv(94): A modport ('axi_master_mo_mp') should not be used in a hierarchical path.
# ** Warning: (vopt-8637) monitor/axi_master_monitor.sv(105): A modport ('axi_master_mo_mp') should not be used in a hierarchical path.
# ** Warning: (vopt-8637) monitor/axi_master_monitor.sv(105): A modport ('axi_master_mo_mp') should not be used in a hierarchical path.
# ** Warning: (vopt-8637) monitor/axi_master_monitor.sv(105): A modport ('axi_master_mo_mp') should not be used in a hierarchical path.
# ** Warning: (vopt-8637) monitor/axi_master_monitor.sv(105): A modport ('axi_master_mo_mp') should not be used in a hierarchical path.
# ** Warning: (vopt-8637) monitor/axi_master_monitor.sv(113): A modport ('axi_master_mo_mp') should not be used in a hierarchical path.
# ** Warning: (vopt-8637) monitor/axi_master_monitor.sv(113): A modport ('axi_master_mo_mp') should not be used in a hierarchical path.
# ** Warning: (vopt-8637) monitor/axi_master_monitor.sv(114): A modport ('axi_master_mo_mp') should not be used in a hierarchical path.
# ** Warning: (vopt-8637) monitor/axi_master_monitor.sv(114): A modport ('axi_master_mo_mp') should not be used in a hierarchical path.
# ** Warning: (vopt-8637) monitor/axi_master_monitor.sv(116): A modport ('axi_master_mo_mp') should not be used in a hierarchical path.
# ** Warning: (vopt-8637) monitor/axi_master_monitor.sv(116): A modport ('axi_master_mo_mp') should not be used in a hierarchical path.
# ** Warning: (vopt-8637) monitor/axi_master_monitor.sv(136): A modport ('axi_master_mo_mp') should not be used in a hierarchical path.
# ** Warning: (vopt-8637) monitor/axi_master_monitor.sv(136): A modport ('axi_master_mo_mp') should not be used in a hierarchical path.
# ** Warning: (vopt-8637) monitor/axi_master_monitor.sv(136): A modport ('axi_master_mo_mp') should not be used in a hierarchical path.
# ** Warning: (vopt-8637) monitor/axi_master_monitor.sv(136): A modport ('axi_master_mo_mp') should not be used in a hierarchical path.
# ** Warning: (vopt-8637) monitor/axi_master_monitor.sv(141): A modport ('axi_master_mo_mp') should not be used in a hierarchical path.
# ** Warning: (vopt-8637) monitor/axi_master_monitor.sv(141): A modport ('axi_master_mo_mp') should not be used in a hierarchical path.
# ** Warning: (vopt-8637) monitor/axi_master_monitor.sv(142): A modport ('axi_master_mo_mp') should not be used in a hierarchical path.
# ** Warning: (vopt-8637) monitor/axi_master_monitor.sv(142): A modport ('axi_master_mo_mp') should not be used in a hierarchical path.
# ** Warning: (vopt-8637) monitor/axi_master_monitor.sv(154): A modport ('axi_master_mo_mp') should not be used in a hierarchical path.
# ** Warning: (vopt-8637) monitor/axi_master_monitor.sv(154): A modport ('axi_master_mo_mp') should not be used in a hierarchical path.
# ** Warning: (vopt-8637) monitor/axi_master_monitor.sv(154): A modport ('axi_master_mo_mp') should not be used in a hierarchical path.
# ** Warning: (vopt-8637) monitor/axi_master_monitor.sv(154): A modport ('axi_master_mo_mp') should not be used in a hierarchical path.
# ** Warning: (vopt-8637) monitor/axi_master_monitor.sv(166): A modport ('axi_master_mo_mp') should not be used in a hierarchical path.
# ** Warning: (vopt-8637) monitor/axi_master_monitor.sv(166): A modport ('axi_master_mo_mp') should not be used in a hierarchical path.
# ** Warning: (vopt-8637) monitor/axi_master_monitor.sv(167): A modport ('axi_master_mo_mp') should not be used in a hierarchical path.
# ** Warning: (vopt-8637) monitor/axi_master_monitor.sv(167): A modport ('axi_master_mo_mp') should not be used in a hierarchical path.
# ** Warning: (vopt-8637) monitor/axi_master_monitor.sv(168): A modport ('axi_master_mo_mp') should not be used in a hierarchical path.
# ** Warning: (vopt-8637) monitor/axi_master_monitor.sv(168): A modport ('axi_master_mo_mp') should not be used in a hierarchical path.
# ** Warning: (vopt-8637) monitor/axi_master_monitor.sv(169): A modport ('axi_master_mo_mp') should not be used in a hierarchical path.
# ** Warning: (vopt-8637) monitor/axi_master_monitor.sv(169): A modport ('axi_master_mo_mp') should not be used in a hierarchical path.
# ** Warning: (vopt-8637) monitor/axi_master_monitor.sv(170): A modport ('axi_master_mo_mp') should not be used in a hierarchical path.
# ** Warning: (vopt-8637) monitor/axi_master_monitor.sv(170): A modport ('axi_master_mo_mp') should not be used in a hierarchical path.
# ** Warning: (vopt-8637) monitor/axi_master_monitor.sv(171): A modport ('axi_master_mo_mp') should not be used in a hierarchical path.
# ** Warning: (vopt-8637) monitor/axi_master_monitor.sv(171): A modport ('axi_master_mo_mp') should not be used in a hierarchical path.
# ** Warning: (vopt-8637) monitor/axi_master_monitor.sv(172): A modport ('axi_master_mo_mp') should not be used in a hierarchical path.
# ** Warning: (vopt-8637) monitor/axi_master_monitor.sv(172): A modport ('axi_master_mo_mp') should not be used in a hierarchical path.
# ** Warning: (vopt-8637) monitor/axi_master_monitor.sv(181): A modport ('axi_master_mo_mp') should not be used in a hierarchical path.
# ** Warning: (vopt-8637) monitor/axi_master_monitor.sv(181): A modport ('axi_master_mo_mp') should not be used in a hierarchical path.
# ** Warning: (vopt-8637) monitor/axi_master_monitor.sv(181): A modport ('axi_master_mo_mp') should not be used in a hierarchical path.
# ** Warning: (vopt-8637) monitor/axi_master_monitor.sv(181): A modport ('axi_master_mo_mp') should not be used in a hierarchical path.
# ** Warning: (vopt-8637) monitor/axi_master_monitor.sv(191): A modport ('axi_master_mo_mp') should not be used in a hierarchical path.
# ** Warning: (vopt-8637) monitor/axi_master_monitor.sv(191): A modport ('axi_master_mo_mp') should not be used in a hierarchical path.
# ** Warning: (vopt-8637) monitor/axi_master_monitor.sv(193): A modport ('axi_master_mo_mp') should not be used in a hierarchical path.
# ** Warning: (vopt-8637) monitor/axi_master_monitor.sv(193): A modport ('axi_master_mo_mp') should not be used in a hierarchical path.
# ** Warning: (vopt-8637) monitor/axi_master_monitor.sv(194): A modport ('axi_master_mo_mp') should not be used in a hierarchical path.
# ** Warning: (vopt-8637) monitor/axi_master_monitor.sv(194): A modport ('axi_master_mo_mp') should not be used in a hierarchical path.
# ** Note: (vopt-143) Recognized 1 FSM in module "axi_ram(fast)".
# //  Questa Sim
# //  Version 10.6c linux Jul 25 2017
# //
# //  Copyright 1991-2017 Mentor Graphics Corporation
# //  All Rights Reserved.
# //
# //  QuestaSim and its associated documentation contain trade
# //  secrets and commercial or financial information that are the property of
# //  Mentor Graphics Corporation and are privileged, confidential,
# //  and exempt from disclosure under the Freedom of Information Act,
# //  5 U.S.C. Section 552. Furthermore, this information
# //  is prohibited from disclosure under the Trade Secrets Act,
# //  18 U.S.C. Section 1905.
# //
# Loading sv_std.std
# Loading work.axi4_globals_pkg(fast)
# Loading mtiUvm.uvm_pkg
# Loading work.axi_master_top_sv_unit(fast)
# Loading work.axi_master_top(fast)
# Loading work.axi_master_interface(fast)
# Loading work.axi_ram(fast)
# Loading mtiUvm.questa_uvm_pkg(fast)
# Loading work.axi_master_interface(fast)
# ** Warning: (vsim-8637) monitor/axi_master_monitor.sv(63): A modport ('axi_master_mo_mp') should not be used in a hierarchical path.
#    Time: 0 ps  Iteration: 0  Region: /axi_master_top_sv_unit File: axi_master_top.sv
# ** Warning: (vsim-8637) monitor/axi_master_monitor.sv(181): A modport ('axi_master_mo_mp') should not be used in a hierarchical path.
#    Time: 0 ps  Iteration: 0  Region: /axi_master_top_sv_unit File: axi_master_top.sv
# ** Warning: (vsim-8637) monitor/axi_master_monitor.sv(181): A modport ('axi_master_mo_mp') should not be used in a hierarchical path.
#    Time: 0 ps  Iteration: 0  Region: /axi_master_top_sv_unit File: axi_master_top.sv
# ** Warning: (vsim-8637) monitor/axi_master_monitor.sv(154): A modport ('axi_master_mo_mp') should not be used in a hierarchical path.
#    Time: 0 ps  Iteration: 0  Region: /axi_master_top_sv_unit File: axi_master_top.sv
# ** Warning: (vsim-8637) monitor/axi_master_monitor.sv(154): A modport ('axi_master_mo_mp') should not be used in a hierarchical path.
#    Time: 0 ps  Iteration: 0  Region: /axi_master_top_sv_unit File: axi_master_top.sv
# ** Warning: (vsim-8637) monitor/axi_master_monitor.sv(136): A modport ('axi_master_mo_mp') should not be used in a hierarchical path.
#    Time: 0 ps  Iteration: 0  Region: /axi_master_top_sv_unit File: axi_master_top.sv
# ** Warning: (vsim-8637) monitor/axi_master_monitor.sv(136): A modport ('axi_master_mo_mp') should not be used in a hierarchical path.
#    Time: 0 ps  Iteration: 0  Region: /axi_master_top_sv_unit File: axi_master_top.sv
# ** Warning: (vsim-8637) monitor/axi_master_monitor.sv(105): A modport ('axi_master_mo_mp') should not be used in a hierarchical path.
#    Time: 0 ps  Iteration: 0  Region: /axi_master_top_sv_unit File: axi_master_top.sv
# ** Warning: (vsim-8637) monitor/axi_master_monitor.sv(105): A modport ('axi_master_mo_mp') should not be used in a hierarchical path.
#    Time: 0 ps  Iteration: 0  Region: /axi_master_top_sv_unit File: axi_master_top.sv
# ** Warning: (vsim-8637) monitor/axi_master_monitor.sv(76): A modport ('axi_master_mo_mp') should not be used in a hierarchical path.
#    Time: 0 ps  Iteration: 0  Region: /axi_master_top_sv_unit File: axi_master_top.sv
# ** Warning: (vsim-8637) monitor/axi_master_monitor.sv(76): A modport ('axi_master_mo_mp') should not be used in a hierarchical path.
#    Time: 0 ps  Iteration: 0  Region: /axi_master_top_sv_unit File: axi_master_top.sv
# ** Warning: (vsim-8637) monitor/axi_master_monitor.sv(63): A modport ('axi_master_mo_mp') should not be used in a hierarchical path.
#    Time: 0 ps  Iteration: 0  Region: /axi_master_top_sv_unit File: axi_master_top.sv
# ** Warning: (vsim-8637) monitor/axi_master_monitor.sv(194): A modport ('axi_master_mo_mp') should not be used in a hierarchical path.
#    Time: 0 ps  Iteration: 0  Region: /axi_master_top_sv_unit File: axi_master_top.sv
# ** Warning: (vsim-8637) monitor/axi_master_monitor.sv(193): A modport ('axi_master_mo_mp') should not be used in a hierarchical path.
#    Time: 0 ps  Iteration: 0  Region: /axi_master_top_sv_unit File: axi_master_top.sv
# ** Warning: (vsim-8637) monitor/axi_master_monitor.sv(191): A modport ('axi_master_mo_mp') should not be used in a hierarchical path.
#    Time: 0 ps  Iteration: 0  Region: /axi_master_top_sv_unit File: axi_master_top.sv
# ** Warning: (vsim-8637) monitor/axi_master_monitor.sv(181): A modport ('axi_master_mo_mp') should not be used in a hierarchical path.
#    Time: 0 ps  Iteration: 0  Region: /axi_master_top_sv_unit File: axi_master_top.sv
# ** Warning: (vsim-8637) monitor/axi_master_monitor.sv(181): A modport ('axi_master_mo_mp') should not be used in a hierarchical path.
#    Time: 0 ps  Iteration: 0  Region: /axi_master_top_sv_unit File: axi_master_top.sv
# ** Warning: (vsim-8637) monitor/axi_master_monitor.sv(172): A modport ('axi_master_mo_mp') should not be used in a hierarchical path.
#    Time: 0 ps  Iteration: 0  Region: /axi_master_top_sv_unit File: axi_master_top.sv
# ** Warning: (vsim-8637) monitor/axi_master_monitor.sv(171): A modport ('axi_master_mo_mp') should not be used in a hierarchical path.
#    Time: 0 ps  Iteration: 0  Region: /axi_master_top_sv_unit File: axi_master_top.sv
# ** Warning: (vsim-8637) monitor/axi_master_monitor.sv(170): A modport ('axi_master_mo_mp') should not be used in a hierarchical path.
#    Time: 0 ps  Iteration: 0  Region: /axi_master_top_sv_unit File: axi_master_top.sv
# ** Warning: (vsim-8637) monitor/axi_master_monitor.sv(169): A modport ('axi_master_mo_mp') should not be used in a hierarchical path.
#    Time: 0 ps  Iteration: 0  Region: /axi_master_top_sv_unit File: axi_master_top.sv
# ** Warning: (vsim-8637) monitor/axi_master_monitor.sv(168): A modport ('axi_master_mo_mp') should not be used in a hierarchical path.
#    Time: 0 ps  Iteration: 0  Region: /axi_master_top_sv_unit File: axi_master_top.sv
# ** Warning: (vsim-8637) monitor/axi_master_monitor.sv(167): A modport ('axi_master_mo_mp') should not be used in a hierarchical path.
#    Time: 0 ps  Iteration: 0  Region: /axi_master_top_sv_unit File: axi_master_top.sv
# ** Warning: (vsim-8637) monitor/axi_master_monitor.sv(166): A modport ('axi_master_mo_mp') should not be used in a hierarchical path.
#    Time: 0 ps  Iteration: 0  Region: /axi_master_top_sv_unit File: axi_master_top.sv
# ** Warning: (vsim-8637) monitor/axi_master_monitor.sv(154): A modport ('axi_master_mo_mp') should not be used in a hierarchical path.
#    Time: 0 ps  Iteration: 0  Region: /axi_master_top_sv_unit File: axi_master_top.sv
# ** Warning: (vsim-8637) monitor/axi_master_monitor.sv(154): A modport ('axi_master_mo_mp') should not be used in a hierarchical path.
#    Time: 0 ps  Iteration: 0  Region: /axi_master_top_sv_unit File: axi_master_top.sv
# ** Warning: (vsim-8637) monitor/axi_master_monitor.sv(63): A modport ('axi_master_mo_mp') should not be used in a hierarchical path.
#    Time: 0 ps  Iteration: 0  Region: /axi_master_top_sv_unit File: axi_master_top.sv
# ** Warning: (vsim-8637) monitor/axi_master_monitor.sv(142): A modport ('axi_master_mo_mp') should not be used in a hierarchical path.
#    Time: 0 ps  Iteration: 0  Region: /axi_master_top_sv_unit File: axi_master_top.sv
# ** Warning: (vsim-8637) monitor/axi_master_monitor.sv(141): A modport ('axi_master_mo_mp') should not be used in a hierarchical path.
#    Time: 0 ps  Iteration: 0  Region: /axi_master_top_sv_unit File: axi_master_top.sv
# ** Warning: (vsim-8637) monitor/axi_master_monitor.sv(136): A modport ('axi_master_mo_mp') should not be used in a hierarchical path.
#    Time: 0 ps  Iteration: 0  Region: /axi_master_top_sv_unit File: axi_master_top.sv
# ** Warning: (vsim-8637) monitor/axi_master_monitor.sv(136): A modport ('axi_master_mo_mp') should not be used in a hierarchical path.
#    Time: 0 ps  Iteration: 0  Region: /axi_master_top_sv_unit File: axi_master_top.sv
# ** Warning: (vsim-8637) monitor/axi_master_monitor.sv(63): A modport ('axi_master_mo_mp') should not be used in a hierarchical path.
#    Time: 0 ps  Iteration: 0  Region: /axi_master_top_sv_unit File: axi_master_top.sv
# ** Warning: (vsim-8637) monitor/axi_master_monitor.sv(63): A modport ('axi_master_mo_mp') should not be used in a hierarchical path.
#    Time: 0 ps  Iteration: 0  Region: /axi_master_top_sv_unit File: axi_master_top.sv
# ** Warning: (vsim-8637) monitor/axi_master_monitor.sv(116): A modport ('axi_master_mo_mp') should not be used in a hierarchical path.
#    Time: 0 ps  Iteration: 0  Region: /axi_master_top_sv_unit File: axi_master_top.sv
# ** Warning: (vsim-8637) monitor/axi_master_monitor.sv(116): A modport ('axi_master_mo_mp') should not be used in a hierarchical path.
#    Time: 0 ps  Iteration: 0  Region: /axi_master_top_sv_unit File: axi_master_top.sv
# ** Warning: (vsim-8637) monitor/axi_master_monitor.sv(114): A modport ('axi_master_mo_mp') should not be used in a hierarchical path.
#    Time: 0 ps  Iteration: 0  Region: /axi_master_top_sv_unit File: axi_master_top.sv
# ** Warning: (vsim-8637) monitor/axi_master_monitor.sv(113): A modport ('axi_master_mo_mp') should not be used in a hierarchical path.
#    Time: 0 ps  Iteration: 0  Region: /axi_master_top_sv_unit File: axi_master_top.sv
# ** Warning: (vsim-8637) monitor/axi_master_monitor.sv(105): A modport ('axi_master_mo_mp') should not be used in a hierarchical path.
#    Time: 0 ps  Iteration: 0  Region: /axi_master_top_sv_unit File: axi_master_top.sv
# ** Warning: (vsim-8637) monitor/axi_master_monitor.sv(105): A modport ('axi_master_mo_mp') should not be used in a hierarchical path.
#    Time: 0 ps  Iteration: 0  Region: /axi_master_top_sv_unit File: axi_master_top.sv
# ** Warning: (vsim-8637) monitor/axi_master_monitor.sv(63): A modport ('axi_master_mo_mp') should not be used in a hierarchical path.
#    Time: 0 ps  Iteration: 0  Region: /axi_master_top_sv_unit File: axi_master_top.sv
# ** Warning: (vsim-8637) monitor/axi_master_monitor.sv(94): A modport ('axi_master_mo_mp') should not be used in a hierarchical path.
#    Time: 0 ps  Iteration: 0  Region: /axi_master_top_sv_unit File: axi_master_top.sv
# ** Warning: (vsim-8637) monitor/axi_master_monitor.sv(93): A modport ('axi_master_mo_mp') should not be used in a hierarchical path.
#    Time: 0 ps  Iteration: 0  Region: /axi_master_top_sv_unit File: axi_master_top.sv
# ** Warning: (vsim-8637) monitor/axi_master_monitor.sv(92): A modport ('axi_master_mo_mp') should not be used in a hierarchical path.
#    Time: 0 ps  Iteration: 0  Region: /axi_master_top_sv_unit File: axi_master_top.sv
# ** Warning: (vsim-8637) monitor/axi_master_monitor.sv(91): A modport ('axi_master_mo_mp') should not be used in a hierarchical path.
#    Time: 0 ps  Iteration: 0  Region: /axi_master_top_sv_unit File: axi_master_top.sv
# ** Warning: (vsim-8637) monitor/axi_master_monitor.sv(90): A modport ('axi_master_mo_mp') should not be used in a hierarchical path.
#    Time: 0 ps  Iteration: 0  Region: /axi_master_top_sv_unit File: axi_master_top.sv
# ** Warning: (vsim-8637) monitor/axi_master_monitor.sv(89): A modport ('axi_master_mo_mp') should not be used in a hierarchical path.
#    Time: 0 ps  Iteration: 0  Region: /axi_master_top_sv_unit File: axi_master_top.sv
# ** Warning: (vsim-8637) monitor/axi_master_monitor.sv(88): A modport ('axi_master_mo_mp') should not be used in a hierarchical path.
#    Time: 0 ps  Iteration: 0  Region: /axi_master_top_sv_unit File: axi_master_top.sv
# ** Warning: (vsim-8637) monitor/axi_master_monitor.sv(76): A modport ('axi_master_mo_mp') should not be used in a hierarchical path.
#    Time: 0 ps  Iteration: 0  Region: /axi_master_top_sv_unit File: axi_master_top.sv
# ** Warning: (vsim-8637) monitor/axi_master_monitor.sv(76): A modport ('axi_master_mo_mp') should not be used in a hierarchical path.
#    Time: 0 ps  Iteration: 0  Region: /axi_master_top_sv_unit File: axi_master_top.sv
# ** Warning: (vsim-8637) monitor/axi_master_monitor.sv(76): A modport ('axi_master_mo_mp') should not be used in a hierarchical path.
#    Time: 0 ps  Iteration: 0  Region: /axi_master_top_sv_unit File: axi_master_top.sv
# ** Warning: (vsim-8637) monitor/axi_master_monitor.sv(76): A modport ('axi_master_mo_mp') should not be used in a hierarchical path.
#    Time: 0 ps  Iteration: 0  Region: /axi_master_top_sv_unit File: axi_master_top.sv
# ** Warning: (vsim-8637) monitor/axi_master_monitor.sv(63): A modport ('axi_master_mo_mp') should not be used in a hierarchical path.
#    Time: 0 ps  Iteration: 0  Region: /axi_master_top_sv_unit File: axi_master_top.sv
# ** Warning: (vsim-8637) monitor/axi_master_monitor.sv(76): A modport ('axi_master_mo_mp') should not be used in a hierarchical path.
#    Time: 0 ps  Iteration: 0  Region: /axi_master_top_sv_unit File: axi_master_top.sv
# ** Warning: (vsim-8637) monitor/axi_master_monitor.sv(76): A modport ('axi_master_mo_mp') should not be used in a hierarchical path.
#    Time: 0 ps  Iteration: 0  Region: /axi_master_top_sv_unit File: axi_master_top.sv
# ** Warning: (vsim-8637) monitor/axi_master_monitor.sv(64): A modport ('axi_master_mo_mp') should not be used in a hierarchical path.
#    Time: 0 ps  Iteration: 0  Region: /axi_master_top_sv_unit File: axi_master_top.sv
# ** Warning: (vsim-8637) monitor/axi_master_monitor.sv(63): A modport ('axi_master_mo_mp') should not be used in a hierarchical path.
#    Time: 0 ps  Iteration: 0  Region: /axi_master_top_sv_unit File: axi_master_top.sv
# ** Warning: (vsim-8637) monitor/axi_master_monitor.sv(219): A modport ('axi_master_mo_mp') should not be used in a hierarchical path.
#    Time: 0 ps  Iteration: 0  Region: /axi_master_top_sv_unit File: axi_master_top.sv
# ** Warning: (vsim-8637) monitor/axi_master_monitor.sv(218): A modport ('axi_master_mo_mp') should not be used in a hierarchical path.
#    Time: 0 ps  Iteration: 0  Region: /axi_master_top_sv_unit File: axi_master_top.sv
# ** Warning: (vsim-8637) monitor/axi_master_monitor.sv(217): A modport ('axi_master_mo_mp') should not be used in a hierarchical path.
#    Time: 0 ps  Iteration: 0  Region: /axi_master_top_sv_unit File: axi_master_top.sv
# ** Warning: (vsim-8637) monitor/axi_master_monitor.sv(216): A modport ('axi_master_mo_mp') should not be used in a hierarchical path.
#    Time: 0 ps  Iteration: 0  Region: /axi_master_top_sv_unit File: axi_master_top.sv
# ** Warning: (vsim-8637) monitor/axi_master_monitor.sv(215): A modport ('axi_master_mo_mp') should not be used in a hierarchical path.
#    Time: 0 ps  Iteration: 0  Region: /axi_master_top_sv_unit File: axi_master_top.sv
# ** Warning: (vsim-8637) monitor/axi_master_monitor.sv(214): A modport ('axi_master_mo_mp') should not be used in a hierarchical path.
#    Time: 0 ps  Iteration: 0  Region: /axi_master_top_sv_unit File: axi_master_top.sv
# ** Warning: (vsim-8637) monitor/axi_master_monitor.sv(213): A modport ('axi_master_mo_mp') should not be used in a hierarchical path.
#    Time: 0 ps  Iteration: 0  Region: /axi_master_top_sv_unit File: axi_master_top.sv
# ** Warning: (vsim-8637) monitor/axi_master_monitor.sv(212): A modport ('axi_master_mo_mp') should not be used in a hierarchical path.
#    Time: 0 ps  Iteration: 0  Region: /axi_master_top_sv_unit File: axi_master_top.sv
# ** Warning: (vsim-8637) monitor/axi_master_monitor.sv(211): A modport ('axi_master_mo_mp') should not be used in a hierarchical path.
#    Time: 0 ps  Iteration: 0  Region: /axi_master_top_sv_unit File: axi_master_top.sv
# ** Warning: (vsim-8637) monitor/axi_master_monitor.sv(210): A modport ('axi_master_mo_mp') should not be used in a hierarchical path.
#    Time: 0 ps  Iteration: 0  Region: /axi_master_top_sv_unit File: axi_master_top.sv
# ** Warning: (vsim-8637) monitor/axi_master_monitor.sv(202): A modport ('axi_master_mo_mp') should not be used in a hierarchical path.
#    Time: 0 ps  Iteration: 0  Region: /axi_master_top_sv_unit File: axi_master_top.sv
# ** Warning: (vsim-8637) monitor/axi_master_monitor.sv(194): A modport ('axi_master_mo_mp') should not be used in a hierarchical path.
#    Time: 0 ps  Iteration: 0  Region: /axi_master_top_sv_unit File: axi_master_top.sv
# ** Warning: (vsim-8637) monitor/axi_master_monitor.sv(193): A modport ('axi_master_mo_mp') should not be used in a hierarchical path.
#    Time: 0 ps  Iteration: 0  Region: /axi_master_top_sv_unit File: axi_master_top.sv
# ** Warning: (vsim-8637) monitor/axi_master_monitor.sv(191): A modport ('axi_master_mo_mp') should not be used in a hierarchical path.
#    Time: 0 ps  Iteration: 0  Region: /axi_master_top_sv_unit File: axi_master_top.sv
# ** Warning: (vsim-8637) monitor/axi_master_monitor.sv(181): A modport ('axi_master_mo_mp') should not be used in a hierarchical path.
#    Time: 0 ps  Iteration: 0  Region: /axi_master_top_sv_unit File: axi_master_top.sv
# ** Warning: (vsim-8637) monitor/axi_master_monitor.sv(181): A modport ('axi_master_mo_mp') should not be used in a hierarchical path.
#    Time: 0 ps  Iteration: 0  Region: /axi_master_top_sv_unit File: axi_master_top.sv
# ** Warning: (vsim-8637) monitor/axi_master_monitor.sv(172): A modport ('axi_master_mo_mp') should not be used in a hierarchical path.
#    Time: 0 ps  Iteration: 0  Region: /axi_master_top_sv_unit File: axi_master_top.sv
# ** Warning: (vsim-8637) monitor/axi_master_monitor.sv(171): A modport ('axi_master_mo_mp') should not be used in a hierarchical path.
#    Time: 0 ps  Iteration: 0  Region: /axi_master_top_sv_unit File: axi_master_top.sv
# ** Warning: (vsim-8637) monitor/axi_master_monitor.sv(170): A modport ('axi_master_mo_mp') should not be used in a hierarchical path.
#    Time: 0 ps  Iteration: 0  Region: /axi_master_top_sv_unit File: axi_master_top.sv
# ** Warning: (vsim-8637) monitor/axi_master_monitor.sv(169): A modport ('axi_master_mo_mp') should not be used in a hierarchical path.
#    Time: 0 ps  Iteration: 0  Region: /axi_master_top_sv_unit File: axi_master_top.sv
# ** Warning: (vsim-8637) monitor/axi_master_monitor.sv(168): A modport ('axi_master_mo_mp') should not be used in a hierarchical path.
#    Time: 0 ps  Iteration: 0  Region: /axi_master_top_sv_unit File: axi_master_top.sv
# ** Warning: (vsim-8637) monitor/axi_master_monitor.sv(167): A modport ('axi_master_mo_mp') should not be used in a hierarchical path.
#    Time: 0 ps  Iteration: 0  Region: /axi_master_top_sv_unit File: axi_master_top.sv
# ** Warning: (vsim-8637) monitor/axi_master_monitor.sv(166): A modport ('axi_master_mo_mp') should not be used in a hierarchical path.
#    Time: 0 ps  Iteration: 0  Region: /axi_master_top_sv_unit File: axi_master_top.sv
# ** Warning: (vsim-8637) monitor/axi_master_monitor.sv(154): A modport ('axi_master_mo_mp') should not be used in a hierarchical path.
#    Time: 0 ps  Iteration: 0  Region: /axi_master_top_sv_unit File: axi_master_top.sv
# ** Warning: (vsim-8637) monitor/axi_master_monitor.sv(154): A modport ('axi_master_mo_mp') should not be used in a hierarchical path.
#    Time: 0 ps  Iteration: 0  Region: /axi_master_top_sv_unit File: axi_master_top.sv
# ** Warning: (vsim-8637) monitor/axi_master_monitor.sv(152): A modport ('axi_master_mo_mp') should not be used in a hierarchical path.
#    Time: 0 ps  Iteration: 0  Region: /axi_master_top_sv_unit File: axi_master_top.sv
# ** Warning: (vsim-8637) monitor/axi_master_monitor.sv(142): A modport ('axi_master_mo_mp') should not be used in a hierarchical path.
#    Time: 0 ps  Iteration: 0  Region: /axi_master_top_sv_unit File: axi_master_top.sv
# ** Warning: (vsim-8637) monitor/axi_master_monitor.sv(141): A modport ('axi_master_mo_mp') should not be used in a hierarchical path.
#    Time: 0 ps  Iteration: 0  Region: /axi_master_top_sv_unit File: axi_master_top.sv
# ** Warning: (vsim-8637) monitor/axi_master_monitor.sv(136): A modport ('axi_master_mo_mp') should not be used in a hierarchical path.
#    Time: 0 ps  Iteration: 0  Region: /axi_master_top_sv_unit File: axi_master_top.sv
# ** Warning: (vsim-8637) monitor/axi_master_monitor.sv(136): A modport ('axi_master_mo_mp') should not be used in a hierarchical path.
#    Time: 0 ps  Iteration: 0  Region: /axi_master_top_sv_unit File: axi_master_top.sv
# ** Warning: (vsim-8637) monitor/axi_master_monitor.sv(134): A modport ('axi_master_mo_mp') should not be used in a hierarchical path.
#    Time: 0 ps  Iteration: 0  Region: /axi_master_top_sv_unit File: axi_master_top.sv
# ** Warning: (vsim-8637) monitor/axi_master_monitor.sv(126): A modport ('axi_master_mo_mp') should not be used in a hierarchical path.
#    Time: 0 ps  Iteration: 0  Region: /axi_master_top_sv_unit File: axi_master_top.sv
# ** Warning: (vsim-8637) monitor/axi_master_monitor.sv(119): A modport ('axi_master_mo_mp') should not be used in a hierarchical path.
#    Time: 0 ps  Iteration: 0  Region: /axi_master_top_sv_unit File: axi_master_top.sv
# ** Warning: (vsim-8637) monitor/axi_master_monitor.sv(116): A modport ('axi_master_mo_mp') should not be used in a hierarchical path.
#    Time: 0 ps  Iteration: 0  Region: /axi_master_top_sv_unit File: axi_master_top.sv
# ** Warning: (vsim-8637) monitor/axi_master_monitor.sv(114): A modport ('axi_master_mo_mp') should not be used in a hierarchical path.
#    Time: 0 ps  Iteration: 0  Region: /axi_master_top_sv_unit File: axi_master_top.sv
# ** Warning: (vsim-8637) monitor/axi_master_monitor.sv(113): A modport ('axi_master_mo_mp') should not be used in a hierarchical path.
#    Time: 0 ps  Iteration: 0  Region: /axi_master_top_sv_unit File: axi_master_top.sv
# ** Warning: (vsim-8637) monitor/axi_master_monitor.sv(105): A modport ('axi_master_mo_mp') should not be used in a hierarchical path.
#    Time: 0 ps  Iteration: 0  Region: /axi_master_top_sv_unit File: axi_master_top.sv
# ** Warning: (vsim-8637) monitor/axi_master_monitor.sv(105): A modport ('axi_master_mo_mp') should not be used in a hierarchical path.
#    Time: 0 ps  Iteration: 0  Region: /axi_master_top_sv_unit File: axi_master_top.sv
# ** Warning: (vsim-8637) monitor/axi_master_monitor.sv(103): A modport ('axi_master_mo_mp') should not be used in a hierarchical path.
#    Time: 0 ps  Iteration: 0  Region: /axi_master_top_sv_unit File: axi_master_top.sv
# ** Warning: (vsim-8637) monitor/axi_master_monitor.sv(94): A modport ('axi_master_mo_mp') should not be used in a hierarchical path.
#    Time: 0 ps  Iteration: 0  Region: /axi_master_top_sv_unit File: axi_master_top.sv
# ** Warning: (vsim-8637) monitor/axi_master_monitor.sv(93): A modport ('axi_master_mo_mp') should not be used in a hierarchical path.
#    Time: 0 ps  Iteration: 0  Region: /axi_master_top_sv_unit File: axi_master_top.sv
# ** Warning: (vsim-8637) monitor/axi_master_monitor.sv(92): A modport ('axi_master_mo_mp') should not be used in a hierarchical path.
#    Time: 0 ps  Iteration: 0  Region: /axi_master_top_sv_unit File: axi_master_top.sv
# ** Warning: (vsim-8637) monitor/axi_master_monitor.sv(91): A modport ('axi_master_mo_mp') should not be used in a hierarchical path.
#    Time: 0 ps  Iteration: 0  Region: /axi_master_top_sv_unit File: axi_master_top.sv
# ** Warning: (vsim-8637) monitor/axi_master_monitor.sv(90): A modport ('axi_master_mo_mp') should not be used in a hierarchical path.
#    Time: 0 ps  Iteration: 0  Region: /axi_master_top_sv_unit File: axi_master_top.sv
# ** Warning: (vsim-8637) monitor/axi_master_monitor.sv(89): A modport ('axi_master_mo_mp') should not be used in a hierarchical path.
#    Time: 0 ps  Iteration: 0  Region: /axi_master_top_sv_unit File: axi_master_top.sv
# ** Warning: (vsim-8637) monitor/axi_master_monitor.sv(88): A modport ('axi_master_mo_mp') should not be used in a hierarchical path.
#    Time: 0 ps  Iteration: 0  Region: /axi_master_top_sv_unit File: axi_master_top.sv
# ** Warning: (vsim-8637) monitor/axi_master_monitor.sv(77): A modport ('axi_master_mo_mp') should not be used in a hierarchical path.
#    Time: 0 ps  Iteration: 0  Region: /axi_master_top_sv_unit File: axi_master_top.sv
# ** Warning: (vsim-8637) monitor/axi_master_monitor.sv(77): A modport ('axi_master_mo_mp') should not be used in a hierarchical path.
#    Time: 0 ps  Iteration: 0  Region: /axi_master_top_sv_unit File: axi_master_top.sv
# ** Warning: (vsim-8637) monitor/axi_master_monitor.sv(76): A modport ('axi_master_mo_mp') should not be used in a hierarchical path.
#    Time: 0 ps  Iteration: 0  Region: /axi_master_top_sv_unit File: axi_master_top.sv
# ** Warning: (vsim-8637) monitor/axi_master_monitor.sv(76): A modport ('axi_master_mo_mp') should not be used in a hierarchical path.
#    Time: 0 ps  Iteration: 0  Region: /axi_master_top_sv_unit File: axi_master_top.sv
# ** Warning: (vsim-8637) monitor/axi_master_monitor.sv(74): A modport ('axi_master_mo_mp') should not be used in a hierarchical path.
#    Time: 0 ps  Iteration: 0  Region: /axi_master_top_sv_unit File: axi_master_top.sv
# ** Warning: (vsim-8637) monitor/axi_master_monitor.sv(72): A modport ('axi_master_mo_mp') should not be used in a hierarchical path.
#    Time: 0 ps  Iteration: 0  Region: /axi_master_top_sv_unit File: axi_master_top.sv
# ** Warning: (vsim-8637) monitor/axi_master_monitor.sv(72): A modport ('axi_master_mo_mp') should not be used in a hierarchical path.
#    Time: 0 ps  Iteration: 0  Region: /axi_master_top_sv_unit File: axi_master_top.sv
# ** Warning: (vsim-8637) monitor/axi_master_monitor.sv(64): A modport ('axi_master_mo_mp') should not be used in a hierarchical path.
#    Time: 0 ps  Iteration: 0  Region: /axi_master_top_sv_unit File: axi_master_top.sv
# ** Warning: (vsim-8637) monitor/axi_master_monitor.sv(63): A modport ('axi_master_mo_mp') should not be used in a hierarchical path.
#    Time: 0 ps  Iteration: 0  Region: /axi_master_top_sv_unit File: axi_master_top.sv
# ** Warning: (vsim-8637) axi_master_driver.sv(172): A modport ('axi_master_dr_mp') should not be used in a hierarchical path.
#    Time: 0 ps  Iteration: 0  Region: /axi_master_top_sv_unit::axi_master_driver File: axi_master_top.sv
# ** Warning: (vsim-8637) axi_master_driver.sv(168): A modport ('axi_master_dr_mp') should not be used in a hierarchical path.
#    Time: 0 ps  Iteration: 0  Region: /axi_master_top_sv_unit::axi_master_driver File: axi_master_top.sv
# ** Warning: (vsim-8637) axi_master_driver.sv(160): A modport ('axi_master_dr_mp') should not be used in a hierarchical path.
#    Time: 0 ps  Iteration: 0  Region: /axi_master_top_sv_unit::axi_master_driver File: axi_master_top.sv
# ** Warning: (vsim-8637) axi_master_driver.sv(159): A modport ('axi_master_dr_mp') should not be used in a hierarchical path.
#    Time: 0 ps  Iteration: 0  Region: /axi_master_top_sv_unit::axi_master_driver File: axi_master_top.sv
# ** Warning: (vsim-8637) axi_master_driver.sv(158): A modport ('axi_master_dr_mp') should not be used in a hierarchical path.
#    Time: 0 ps  Iteration: 0  Region: /axi_master_top_sv_unit::axi_master_driver File: axi_master_top.sv
# ** Warning: (vsim-8637) axi_master_driver.sv(157): A modport ('axi_master_dr_mp') should not be used in a hierarchical path.
#    Time: 0 ps  Iteration: 0  Region: /axi_master_top_sv_unit::axi_master_driver File: axi_master_top.sv
# ** Warning: (vsim-8637) axi_master_driver.sv(156): A modport ('axi_master_dr_mp') should not be used in a hierarchical path.
#    Time: 0 ps  Iteration: 0  Region: /axi_master_top_sv_unit::axi_master_driver File: axi_master_top.sv
# ** Warning: (vsim-8637) axi_master_driver.sv(155): A modport ('axi_master_dr_mp') should not be used in a hierarchical path.
#    Time: 0 ps  Iteration: 0  Region: /axi_master_top_sv_unit::axi_master_driver File: axi_master_top.sv
# ** Warning: (vsim-8637) axi_master_driver.sv(154): A modport ('axi_master_dr_mp') should not be used in a hierarchical path.
#    Time: 0 ps  Iteration: 0  Region: /axi_master_top_sv_unit::axi_master_driver File: axi_master_top.sv
# ** Warning: (vsim-8637) axi_master_driver.sv(153): A modport ('axi_master_dr_mp') should not be used in a hierarchical path.
#    Time: 0 ps  Iteration: 0  Region: /axi_master_top_sv_unit::axi_master_driver File: axi_master_top.sv
# ** Warning: (vsim-8637) axi_master_driver.sv(152): A modport ('axi_master_dr_mp') should not be used in a hierarchical path.
#    Time: 0 ps  Iteration: 0  Region: /axi_master_top_sv_unit::axi_master_driver File: axi_master_top.sv
# ** Warning: (vsim-8637) axi_master_driver.sv(148): A modport ('axi_master_dr_mp') should not be used in a hierarchical path.
#    Time: 0 ps  Iteration: 0  Region: /axi_master_top_sv_unit::axi_master_driver File: axi_master_top.sv
# ** Warning: (vsim-8637) axi_master_driver.sv(126): A modport ('axi_master_dr_mp') should not be used in a hierarchical path.
#    Time: 0 ps  Iteration: 0  Region: /axi_master_top_sv_unit::axi_master_driver File: axi_master_top.sv
# ** Warning: (vsim-8637) axi_master_driver.sv(124): A modport ('axi_master_dr_mp') should not be used in a hierarchical path.
#    Time: 0 ps  Iteration: 0  Region: /axi_master_top_sv_unit::axi_master_driver File: axi_master_top.sv
# ** Warning: (vsim-8637) axi_master_driver.sv(112): A modport ('axi_master_dr_mp') should not be used in a hierarchical path.
#    Time: 0 ps  Iteration: 0  Region: /axi_master_top_sv_unit::axi_master_driver File: axi_master_top.sv
# ** Warning: (vsim-8637) axi_master_driver.sv(110): A modport ('axi_master_dr_mp') should not be used in a hierarchical path.
#    Time: 0 ps  Iteration: 0  Region: /axi_master_top_sv_unit::axi_master_driver File: axi_master_top.sv
# ** Warning: (vsim-8637) axi_master_driver.sv(109): A modport ('axi_master_dr_mp') should not be used in a hierarchical path.
#    Time: 0 ps  Iteration: 0  Region: /axi_master_top_sv_unit::axi_master_driver File: axi_master_top.sv
# ** Warning: (vsim-8637) axi_master_driver.sv(108): A modport ('axi_master_dr_mp') should not be used in a hierarchical path.
#    Time: 0 ps  Iteration: 0  Region: /axi_master_top_sv_unit::axi_master_driver File: axi_master_top.sv
# ** Warning: (vsim-8637) axi_master_driver.sv(126): A modport ('axi_master_dr_mp') should not be used in a hierarchical path.
#    Time: 0 ps  Iteration: 0  Region: /axi_master_top_sv_unit::axi_master_driver File: axi_master_top.sv
# ** Warning: (vsim-8637) axi_master_driver.sv(92): A modport ('axi_master_dr_mp') should not be used in a hierarchical path.
#    Time: 0 ps  Iteration: 0  Region: /axi_master_top_sv_unit::axi_master_driver File: axi_master_top.sv
# ** Warning: (vsim-8637) axi_master_driver.sv(91): A modport ('axi_master_dr_mp') should not be used in a hierarchical path.
#    Time: 0 ps  Iteration: 0  Region: /axi_master_top_sv_unit::axi_master_driver File: axi_master_top.sv
# ** Warning: (vsim-8637) axi_master_driver.sv(90): A modport ('axi_master_dr_mp') should not be used in a hierarchical path.
#    Time: 0 ps  Iteration: 0  Region: /axi_master_top_sv_unit::axi_master_driver File: axi_master_top.sv
# ** Warning: (vsim-8637) axi_master_driver.sv(89): A modport ('axi_master_dr_mp') should not be used in a hierarchical path.
#    Time: 0 ps  Iteration: 0  Region: /axi_master_top_sv_unit::axi_master_driver File: axi_master_top.sv
# ** Warning: (vsim-8637) axi_master_driver.sv(88): A modport ('axi_master_dr_mp') should not be used in a hierarchical path.
#    Time: 0 ps  Iteration: 0  Region: /axi_master_top_sv_unit::axi_master_driver File: axi_master_top.sv
# ** Warning: (vsim-8637) axi_master_driver.sv(87): A modport ('axi_master_dr_mp') should not be used in a hierarchical path.
#    Time: 0 ps  Iteration: 0  Region: /axi_master_top_sv_unit::axi_master_driver File: axi_master_top.sv
# ** Warning: (vsim-8637) axi_master_driver.sv(86): A modport ('axi_master_dr_mp') should not be used in a hierarchical path.
#    Time: 0 ps  Iteration: 0  Region: /axi_master_top_sv_unit::axi_master_driver File: axi_master_top.sv
# ** Warning: (vsim-8637) axi_master_driver.sv(85): A modport ('axi_master_dr_mp') should not be used in a hierarchical path.
#    Time: 0 ps  Iteration: 0  Region: /axi_master_top_sv_unit::axi_master_driver File: axi_master_top.sv
# ** Warning: (vsim-8637) axi_master_driver.sv(84): A modport ('axi_master_dr_mp') should not be used in a hierarchical path.
#    Time: 0 ps  Iteration: 0  Region: /axi_master_top_sv_unit::axi_master_driver File: axi_master_top.sv
# ** Warning: (vsim-8637) axi_master_driver.sv(126): A modport ('axi_master_dr_mp') should not be used in a hierarchical path.
#    Time: 0 ps  Iteration: 0  Region: /axi_master_top_sv_unit::axi_master_driver File: axi_master_top.sv
# ** Warning: (vsim-8637) axi_master_driver.sv(67): A modport ('axi_master_dr_mp') should not be used in a hierarchical path.
#    Time: 0 ps  Iteration: 0  Region: /axi_master_top_sv_unit::axi_master_driver File: axi_master_top.sv
# ** Warning: (vsim-8441) axi_master_driver.sv(67): Clocking block output vif.axi_master_dr_mp.axi_master_dr_cb.s_axi_awvalid is not legal in this
# or another expression.
#    Time: 0 ps  Iteration: 0  Region: /axi_master_top_sv_unit::axi_master_driver File: axi_master_top.sv
# ** Warning: (vsim-8637) axi_master_driver.sv(53): A modport ('axi_master_dr_mp') should not be used in a hierarchical path.
#    Time: 0 ps  Iteration: 0  Region: /axi_master_top_sv_unit::axi_master_driver File: axi_master_top.sv
# ** Warning: (vsim-8637) axi_master_driver.sv(67): A modport ('axi_master_dr_mp') should not be used in a hierarchical path.
#    Time: 0 ps  Iteration: 0  Region: /axi_master_top_sv_unit::axi_master_driver File: axi_master_top.sv
# ** Warning: (vsim-8441) axi_master_driver.sv(67): Clocking block output vif.axi_master_dr_mp.axi_master_dr_cb.s_axi_awvalid is not legal in this
# or another expression.
#    Time: 0 ps  Iteration: 0  Region: /axi_master_top_sv_unit::axi_master_driver File: axi_master_top.sv
# ** Warning: (vsim-8637) axi_master_driver.sv(50): A modport ('axi_master_dr_mp') should not be used in a hierarchical path.
#    Time: 0 ps  Iteration: 0  Region: /axi_master_top_sv_unit::axi_master_driver File: axi_master_top.sv
# ** Warning: (vsim-8637) axi_master_driver.sv(49): A modport ('axi_master_dr_mp') should not be used in a hierarchical path.
#    Time: 0 ps  Iteration: 0  Region: /axi_master_top_sv_unit::axi_master_driver File: axi_master_top.sv
# Loading /tools/mentor/questasim_10.6c/questasim/uvm-1.1d/linux/uvm_dpi.so
# log -r /*
#  add wave -r /*
#  coverage save -onexit -assert -directive -cvg -codeAll axi_coverage.ucdb
#  run -all
# ----------------------------------------------------------------
# UVM-1.1d
# (C) 2007-2013 Mentor Graphics Corporation
# (C) 2007-2013 Cadence Design Systems, Inc.
# (C) 2006-2013 Synopsys, Inc.
# (C) 2011-2013 Cypress Semiconductor Corp.
# ----------------------------------------------------------------
# 
#   ***********       IMPORTANT RELEASE NOTES         ************
# 
#   You are using a version of the UVM library that has been compiled
#   with `UVM_NO_DEPRECATED undefined.
#   See http://www.eda.org/svdb/view.php?id=3313 for more details.
# 
#   You are using a version of the UVM library that has been compiled
#   with `UVM_OBJECT_MUST_HAVE_CONSTRUCTOR undefined.
#   See http://www.eda.org/svdb/view.php?id=3770 for more details.
# 
#       (Specify +UVM_NO_RELNOTES to turn off this notice)
# 
# UVM_INFO verilog_src/questa_uvm_pkg-1.2/src/questa_uvm_pkg.sv(215) @ 0: reporter [Questa UVM] QUESTA_UVM-1.2.3
# UVM_INFO verilog_src/questa_uvm_pkg-1.2/src/questa_uvm_pkg.sv(217) @ 0: reporter [Questa UVM]  questa_uvm::init(+struct)
# UVM_INFO axi_master_top.sv(79) @ 0: reporter [TOP] in top
# UVM_INFO @ 0: reporter [RNTST] Running test axi_master_write_16b_test...
# UVM_INFO monitor/axi_master_monitor.sv(49) @ 0: uvm_test_top.axi_master_env_h.axi_master_agt.axi_master_mon_h [Monitor: ] Vif found
# UVM_INFO test/axi_base_test.sv(57) @ 0: uvm_test_top [axi_master_write_16b_test] Inside BASE_TEST
# reset in driver = 1 at time 0
# UVM_INFO axi_master_driver.sv(58) @ 10000: uvm_test_top.axi_master_env_h.axi_master_agt.axi_master_drv_h [driver] before get next
# at time 10000 reset is 0
# UVM_INFO monitor/axi_master_monitor.sv(72) @ 10000: uvm_test_top.axi_master_env_h.axi_master_agt.axi_master_mon_h [VALID READY] awvalid = x, awready = x
# UVM_INFO monitor/axi_master_monitor.sv(72) @ 20000: uvm_test_top.axi_master_env_h.axi_master_agt.axi_master_mon_h [VALID READY] awvalid = x, awready = 0
# UVM_INFO monitor/axi_master_monitor.sv(72) @ 30000: uvm_test_top.axi_master_env_h.axi_master_agt.axi_master_mon_h [VALID READY] awvalid = 0, awready = 1
# UVM_INFO monitor/axi_master_monitor.sv(72) @ 40000: uvm_test_top.axi_master_env_h.axi_master_agt.axi_master_mon_h [VALID READY] awvalid = 0, awready = 1
# UVM_INFO monitor/axi_master_monitor.sv(72) @ 50000: uvm_test_top.axi_master_env_h.axi_master_agt.axi_master_mon_h [VALID READY] awvalid = 0, awready = 1
# UVM_INFO monitor/axi_master_monitor.sv(72) @ 60000: uvm_test_top.axi_master_env_h.axi_master_agt.axi_master_mon_h [VALID READY] awvalid = 0, awready = 1
# UVM_INFO monitor/axi_master_monitor.sv(72) @ 70000: uvm_test_top.axi_master_env_h.axi_master_agt.axi_master_mon_h [VALID READY] awvalid = 0, awready = 1
# UVM_INFO monitor/axi_master_monitor.sv(72) @ 80000: uvm_test_top.axi_master_env_h.axi_master_agt.axi_master_mon_h [VALID READY] awvalid = 0, awready = 1
# UVM_INFO monitor/axi_master_monitor.sv(72) @ 90000: uvm_test_top.axi_master_env_h.axi_master_agt.axi_master_mon_h [VALID READY] awvalid = 0, awready = 1
# UVM_INFO test/axi_base_test.sv(60) @ 100000: uvm_test_top [axi_master_write_16b_test] Done BASE_TEST
# UVM_INFO test/axi_master_write_16b_test.sv(34) @ 100000: uvm_test_top [axi_master_write_16b_test] axi_master_write_16b_test
# UVM_INFO monitor/axi_master_monitor.sv(72) @ 100000: uvm_test_top.axi_master_env_h.axi_master_agt.axi_master_mon_h [VALID READY] awvalid = 0, awready = 1
# UVM_WARNING @ 100000: uvm_test_top.axi_master_env_h.axi_master_agt.axi_master_seqr_h@@axi_master_write_16b_transfer_h [uvm_sequence_base] Body definition undefined
# -----------------------------------------------------------------------------------------------------------------------------------------------------------
# Name                           Type                    Size  Value                                                                                         
# -----------------------------------------------------------------------------------------------------------------------------------------------------------
# req                            axi_master_transaction  -     @697                                                                                          
#   begin_time                   time                    64    100000                                                                                        
#   depth                        int                     32    'd2                                                                                           
#   parent sequence (name)       string                  31    axi_master_write_16b_transfer_h                                                               
#   parent sequence (full name)  string                  94    uvm_test_top.axi_master_env_h.axi_master_agt.axi_master_seqr_h.axi_master_write_16b_transfer_h
#   sequencer                    string                  62    uvm_test_top.axi_master_env_h.axi_master_agt.axi_master_seqr_h                                
# -----------------------------------------------------------------------------------------------------------------------------------------------------------
# UVM_INFO axi_master_driver.sv(60) @ 100000: uvm_test_top.axi_master_env_h.axi_master_agt.axi_master_drv_h [driver] AFTER get next
# UVM_INFO axi_master_driver.sv(67) @ 110000: uvm_test_top.axi_master_env_h.axi_master_agt.axi_master_drv_h [DRIVER after driving] AT TIME 110000 virtual interface awvalid 1, req awvalid 1
# UVM_INFO axi_master_driver.sv(58) @ 110000: uvm_test_top.axi_master_env_h.axi_master_agt.axi_master_drv_h [driver] before get next
# UVM_INFO monitor/axi_master_monitor.sv(72) @ 110000: uvm_test_top.axi_master_env_h.axi_master_agt.axi_master_mon_h [VALID READY] awvalid = 0, awready = 1
# UVM_INFO verilog_src/uvm-1.1d/src/base/uvm_objection.svh(1268) @ 110000: reporter [TEST_DONE] 'run' phase is ready to proceed to the 'extract' phase
# 
# --- UVM Report Summary ---
# 
# ** Report counts by severity
# UVM_INFO :   24
# UVM_WARNING :    1
# UVM_ERROR :    0
# UVM_FATAL :    0
# ** Report counts by id
# [DRIVER after driving]     1
# [Monitor: ]     1
# [Questa UVM]     2
# [RNTST]     1
# [TEST_DONE]     1
# [TOP]     1
# [VALID READY]    11
# [axi_master_write_16b_test]     3
# [driver]     3
# [uvm_sequence_base]     1
# ** Note: $finish    : /tools/mentor/questasim_10.6c/questasim/linux/../verilog_src/uvm-1.1d/src/base/uvm_root.svh(430)
#    Time: 110 ns  Iteration: 61  Instance: /axi_master_top
# Saving coverage database on exit...
# End time: 10:23:45 on Jan 22,2024, Elapsed time: 0:00:05
# Errors: 0, Warnings: 215
