# vsim -c -l output.log work.axi_master_top 
# Start time: 12:21:53 on Jan 09,2024
# ** Note: (vsim-3812) Design is being optimized...
# ** Warning: (vopt-8637) monitor/axi_master_monitor.sv(67): A modport ('axi_master_mo_mp') should not be used in a hierarchical path.
# ** Warning: (vopt-8637) monitor/axi_master_monitor.sv(67): A modport ('axi_master_mo_mp') should not be used in a hierarchical path.
# ** Warning: (vopt-8637) monitor/axi_master_monitor.sv(69): A modport ('axi_master_mo_mp') should not be used in a hierarchical path.
# ** Warning: (vopt-8637) monitor/axi_master_monitor.sv(69): A modport ('axi_master_mo_mp') should not be used in a hierarchical path.
# ** Warning: (vopt-8637) monitor/axi_master_monitor.sv(69): A modport ('axi_master_mo_mp') should not be used in a hierarchical path.
# ** Warning: (vopt-8637) monitor/axi_master_monitor.sv(69): A modport ('axi_master_mo_mp') should not be used in a hierarchical path.
# ** Warning: (vopt-8637) monitor/axi_master_monitor.sv(79): A modport ('axi_master_mo_mp') should not be used in a hierarchical path.
# ** Warning: (vopt-8637) monitor/axi_master_monitor.sv(79): A modport ('axi_master_mo_mp') should not be used in a hierarchical path.
# ** Warning: (vopt-8637) monitor/axi_master_monitor.sv(80): A modport ('axi_master_mo_mp') should not be used in a hierarchical path.
# ** Warning: (vopt-8637) monitor/axi_master_monitor.sv(80): A modport ('axi_master_mo_mp') should not be used in a hierarchical path.
# ** Warning: (vopt-8637) monitor/axi_master_monitor.sv(81): A modport ('axi_master_mo_mp') should not be used in a hierarchical path.
# ** Warning: (vopt-8637) monitor/axi_master_monitor.sv(81): A modport ('axi_master_mo_mp') should not be used in a hierarchical path.
# ** Warning: (vopt-8637) monitor/axi_master_monitor.sv(82): A modport ('axi_master_mo_mp') should not be used in a hierarchical path.
# ** Warning: (vopt-8637) monitor/axi_master_monitor.sv(82): A modport ('axi_master_mo_mp') should not be used in a hierarchical path.
# ** Warning: (vopt-8637) monitor/axi_master_monitor.sv(83): A modport ('axi_master_mo_mp') should not be used in a hierarchical path.
# ** Warning: (vopt-8637) monitor/axi_master_monitor.sv(83): A modport ('axi_master_mo_mp') should not be used in a hierarchical path.
# ** Warning: (vopt-8637) monitor/axi_master_monitor.sv(84): A modport ('axi_master_mo_mp') should not be used in a hierarchical path.
# ** Warning: (vopt-8637) monitor/axi_master_monitor.sv(84): A modport ('axi_master_mo_mp') should not be used in a hierarchical path.
# ** Warning: (vopt-8637) monitor/axi_master_monitor.sv(85): A modport ('axi_master_mo_mp') should not be used in a hierarchical path.
# ** Warning: (vopt-8637) monitor/axi_master_monitor.sv(85): A modport ('axi_master_mo_mp') should not be used in a hierarchical path.
# ** Warning: (vopt-8637) monitor/axi_master_monitor.sv(86): A modport ('axi_master_mo_mp') should not be used in a hierarchical path.
# ** Warning: (vopt-8637) monitor/axi_master_monitor.sv(86): A modport ('axi_master_mo_mp') should not be used in a hierarchical path.
# ** Warning: (vopt-8637) monitor/axi_master_monitor.sv(97): A modport ('axi_master_mo_mp') should not be used in a hierarchical path.
# ** Warning: (vopt-8637) monitor/axi_master_monitor.sv(97): A modport ('axi_master_mo_mp') should not be used in a hierarchical path.
# ** Warning: (vopt-8637) monitor/axi_master_monitor.sv(97): A modport ('axi_master_mo_mp') should not be used in a hierarchical path.
# ** Warning: (vopt-8637) monitor/axi_master_monitor.sv(97): A modport ('axi_master_mo_mp') should not be used in a hierarchical path.
# ** Warning: (vopt-8637) monitor/axi_master_monitor.sv(105): A modport ('axi_master_mo_mp') should not be used in a hierarchical path.
# ** Warning: (vopt-8637) monitor/axi_master_monitor.sv(105): A modport ('axi_master_mo_mp') should not be used in a hierarchical path.
# ** Warning: (vopt-8637) monitor/axi_master_monitor.sv(106): A modport ('axi_master_mo_mp') should not be used in a hierarchical path.
# ** Warning: (vopt-8637) monitor/axi_master_monitor.sv(106): A modport ('axi_master_mo_mp') should not be used in a hierarchical path.
# ** Warning: (vopt-8637) monitor/axi_master_monitor.sv(108): A modport ('axi_master_mo_mp') should not be used in a hierarchical path.
# ** Warning: (vopt-8637) monitor/axi_master_monitor.sv(108): A modport ('axi_master_mo_mp') should not be used in a hierarchical path.
# ** Warning: (vopt-8637) monitor/axi_master_monitor.sv(124): A modport ('axi_master_mo_mp') should not be used in a hierarchical path.
# ** Warning: (vopt-8637) monitor/axi_master_monitor.sv(124): A modport ('axi_master_mo_mp') should not be used in a hierarchical path.
# ** Warning: (vopt-8637) monitor/axi_master_monitor.sv(124): A modport ('axi_master_mo_mp') should not be used in a hierarchical path.
# ** Warning: (vopt-8637) monitor/axi_master_monitor.sv(124): A modport ('axi_master_mo_mp') should not be used in a hierarchical path.
# ** Warning: (vopt-8637) monitor/axi_master_monitor.sv(129): A modport ('axi_master_mo_mp') should not be used in a hierarchical path.
# ** Warning: (vopt-8637) monitor/axi_master_monitor.sv(129): A modport ('axi_master_mo_mp') should not be used in a hierarchical path.
# ** Warning: (vopt-8637) monitor/axi_master_monitor.sv(130): A modport ('axi_master_mo_mp') should not be used in a hierarchical path.
# ** Warning: (vopt-8637) monitor/axi_master_monitor.sv(130): A modport ('axi_master_mo_mp') should not be used in a hierarchical path.
# ** Warning: (vopt-8637) monitor/axi_master_monitor.sv(142): A modport ('axi_master_mo_mp') should not be used in a hierarchical path.
# ** Warning: (vopt-8637) monitor/axi_master_monitor.sv(142): A modport ('axi_master_mo_mp') should not be used in a hierarchical path.
# ** Warning: (vopt-8637) monitor/axi_master_monitor.sv(142): A modport ('axi_master_mo_mp') should not be used in a hierarchical path.
# ** Warning: (vopt-8637) monitor/axi_master_monitor.sv(142): A modport ('axi_master_mo_mp') should not be used in a hierarchical path.
# ** Warning: (vopt-8637) monitor/axi_master_monitor.sv(153): A modport ('axi_master_mo_mp') should not be used in a hierarchical path.
# ** Warning: (vopt-8637) monitor/axi_master_monitor.sv(153): A modport ('axi_master_mo_mp') should not be used in a hierarchical path.
# ** Warning: (vopt-8637) monitor/axi_master_monitor.sv(154): A modport ('axi_master_mo_mp') should not be used in a hierarchical path.
# ** Warning: (vopt-8637) monitor/axi_master_monitor.sv(154): A modport ('axi_master_mo_mp') should not be used in a hierarchical path.
# ** Warning: (vopt-8637) monitor/axi_master_monitor.sv(155): A modport ('axi_master_mo_mp') should not be used in a hierarchical path.
# ** Warning: (vopt-8637) monitor/axi_master_monitor.sv(155): A modport ('axi_master_mo_mp') should not be used in a hierarchical path.
# ** Warning: (vopt-8637) monitor/axi_master_monitor.sv(156): A modport ('axi_master_mo_mp') should not be used in a hierarchical path.
# ** Warning: (vopt-8637) monitor/axi_master_monitor.sv(156): A modport ('axi_master_mo_mp') should not be used in a hierarchical path.
# ** Warning: (vopt-8637) monitor/axi_master_monitor.sv(157): A modport ('axi_master_mo_mp') should not be used in a hierarchical path.
# ** Warning: (vopt-8637) monitor/axi_master_monitor.sv(157): A modport ('axi_master_mo_mp') should not be used in a hierarchical path.
# ** Warning: (vopt-8637) monitor/axi_master_monitor.sv(158): A modport ('axi_master_mo_mp') should not be used in a hierarchical path.
# ** Warning: (vopt-8637) monitor/axi_master_monitor.sv(158): A modport ('axi_master_mo_mp') should not be used in a hierarchical path.
# ** Warning: (vopt-8637) monitor/axi_master_monitor.sv(159): A modport ('axi_master_mo_mp') should not be used in a hierarchical path.
# ** Warning: (vopt-8637) monitor/axi_master_monitor.sv(159): A modport ('axi_master_mo_mp') should not be used in a hierarchical path.
# ** Warning: (vopt-8637) monitor/axi_master_monitor.sv(160): A modport ('axi_master_mo_mp') should not be used in a hierarchical path.
# ** Warning: (vopt-8637) monitor/axi_master_monitor.sv(160): A modport ('axi_master_mo_mp') should not be used in a hierarchical path.
# ** Warning: (vopt-8637) monitor/axi_master_monitor.sv(169): A modport ('axi_master_mo_mp') should not be used in a hierarchical path.
# ** Warning: (vopt-8637) monitor/axi_master_monitor.sv(169): A modport ('axi_master_mo_mp') should not be used in a hierarchical path.
# ** Warning: (vopt-8637) monitor/axi_master_monitor.sv(169): A modport ('axi_master_mo_mp') should not be used in a hierarchical path.
# ** Warning: (vopt-8637) monitor/axi_master_monitor.sv(169): A modport ('axi_master_mo_mp') should not be used in a hierarchical path.
# ** Warning: (vopt-8637) monitor/axi_master_monitor.sv(178): A modport ('axi_master_mo_mp') should not be used in a hierarchical path.
# ** Warning: (vopt-8637) monitor/axi_master_monitor.sv(178): A modport ('axi_master_mo_mp') should not be used in a hierarchical path.
# ** Warning: (vopt-8637) monitor/axi_master_monitor.sv(179): A modport ('axi_master_mo_mp') should not be used in a hierarchical path.
# ** Warning: (vopt-8637) monitor/axi_master_monitor.sv(179): A modport ('axi_master_mo_mp') should not be used in a hierarchical path.
# ** Warning: (vopt-8637) monitor/axi_master_monitor.sv(181): A modport ('axi_master_mo_mp') should not be used in a hierarchical path.
# ** Warning: (vopt-8637) monitor/axi_master_monitor.sv(181): A modport ('axi_master_mo_mp') should not be used in a hierarchical path.
# ** Warning: (vopt-8637) monitor/axi_master_monitor.sv(182): A modport ('axi_master_mo_mp') should not be used in a hierarchical path.
# ** Warning: (vopt-8637) monitor/axi_master_monitor.sv(182): A modport ('axi_master_mo_mp') should not be used in a hierarchical path.
# ** Warning: axi_master_scoreboard.sv(51): (vopt-2250) Function "write" has no return value assignment.
# //  Questa Sim
# //  Version 10.6c linux Jul 25 2017
# //
# //  Copyright 1991-2017 Mentor Graphics Corporation
# //  All Rights Reserved.
# //
# //  QuestaSim and its associated documentation contain trade
# //  secrets and commercial or financial information that are the property of
# //  Mentor Graphics Corporation and are privileged, confidential,
# //  and exempt from disclosure under the Freedom of Information Act,
# //  5 U.S.C. Section 552. Furthermore, this information
# //  is prohibited from disclosure under the Trade Secrets Act,
# //  18 U.S.C. Section 1905.
# //
# Loading sv_std.std
# Loading work.axi4_globals_pkg(fast)
# Loading mtiUvm.uvm_pkg
# Loading work.axi_master_top_sv_unit(fast)
# Loading work.axi_master_top(fast)
# Loading mtiUvm.questa_uvm_pkg(fast)
# Loading work.axi_master_interface(fast)
# ** Warning: (vsim-8637) monitor/axi_master_monitor.sv(67): A modport ('axi_master_mo_mp') should not be used in a hierarchical path.
#    Time: 0 ps  Iteration: 0  Region: /axi_master_top_sv_unit File: axi_master_top.sv
# ** Warning: (vsim-3764) /tools/mentor/questasim_10.6c/questasim/linux/../verilog_src/uvm-1.1d/src/tlm1/uvm_analysis_port.svh(114): Stand-alone call to function 'write' treated as implicit void cast.
#    Time: 0 ps  Iteration: 0  Region: /uvm_pkg::uvm_analysis_imp #(axi_master_top_sv_unit::axi_master_transaction, axi_master_top_sv_unit::axi_master_scoreboard) File: /tools/mentor/questasim_10.6c/questasim/linux/../verilog_src/uvm-1.1d/src/uvm_pkg.sv
# ** Warning: (vsim-8637) axi_master_driver.sv(170): A modport ('axi_master_dr_mp') should not be used in a hierarchical path.
#    Time: 0 ps  Iteration: 0  Region: /axi_master_top_sv_unit::axi_master_driver File: axi_master_top.sv
# ** Warning: (vsim-8637) axi_master_driver.sv(166): A modport ('axi_master_dr_mp') should not be used in a hierarchical path.
#    Time: 0 ps  Iteration: 0  Region: /axi_master_top_sv_unit::axi_master_driver File: axi_master_top.sv
# ** Warning: (vsim-8637) axi_master_driver.sv(158): A modport ('axi_master_dr_mp') should not be used in a hierarchical path.
#    Time: 0 ps  Iteration: 0  Region: /axi_master_top_sv_unit::axi_master_driver File: axi_master_top.sv
# ** Warning: (vsim-8637) axi_master_driver.sv(157): A modport ('axi_master_dr_mp') should not be used in a hierarchical path.
#    Time: 0 ps  Iteration: 0  Region: /axi_master_top_sv_unit::axi_master_driver File: axi_master_top.sv
# ** Warning: (vsim-8637) axi_master_driver.sv(156): A modport ('axi_master_dr_mp') should not be used in a hierarchical path.
#    Time: 0 ps  Iteration: 0  Region: /axi_master_top_sv_unit::axi_master_driver File: axi_master_top.sv
# ** Warning: (vsim-8637) axi_master_driver.sv(155): A modport ('axi_master_dr_mp') should not be used in a hierarchical path.
#    Time: 0 ps  Iteration: 0  Region: /axi_master_top_sv_unit::axi_master_driver File: axi_master_top.sv
# ** Warning: (vsim-8637) axi_master_driver.sv(154): A modport ('axi_master_dr_mp') should not be used in a hierarchical path.
#    Time: 0 ps  Iteration: 0  Region: /axi_master_top_sv_unit::axi_master_driver File: axi_master_top.sv
# ** Warning: (vsim-8637) axi_master_driver.sv(153): A modport ('axi_master_dr_mp') should not be used in a hierarchical path.
#    Time: 0 ps  Iteration: 0  Region: /axi_master_top_sv_unit::axi_master_driver File: axi_master_top.sv
# ** Warning: (vsim-8637) axi_master_driver.sv(152): A modport ('axi_master_dr_mp') should not be used in a hierarchical path.
#    Time: 0 ps  Iteration: 0  Region: /axi_master_top_sv_unit::axi_master_driver File: axi_master_top.sv
# ** Warning: (vsim-8637) axi_master_driver.sv(151): A modport ('axi_master_dr_mp') should not be used in a hierarchical path.
#    Time: 0 ps  Iteration: 0  Region: /axi_master_top_sv_unit::axi_master_driver File: axi_master_top.sv
# ** Warning: (vsim-8637) axi_master_driver.sv(150): A modport ('axi_master_dr_mp') should not be used in a hierarchical path.
#    Time: 0 ps  Iteration: 0  Region: /axi_master_top_sv_unit::axi_master_driver File: axi_master_top.sv
# ** Warning: (vsim-8637) axi_master_driver.sv(148): A modport ('axi_master_dr_mp') should not be used in a hierarchical path.
#    Time: 0 ps  Iteration: 0  Region: /axi_master_top_sv_unit::axi_master_driver File: axi_master_top.sv
# ** Warning: (vsim-8637) axi_master_driver.sv(146): A modport ('axi_master_dr_mp') should not be used in a hierarchical path.
#    Time: 0 ps  Iteration: 0  Region: /axi_master_top_sv_unit::axi_master_driver File: axi_master_top.sv
# ** Warning: (vsim-8637) axi_master_driver.sv(124): A modport ('axi_master_dr_mp') should not be used in a hierarchical path.
#    Time: 0 ps  Iteration: 0  Region: /axi_master_top_sv_unit::axi_master_driver File: axi_master_top.sv
# ** Warning: (vsim-8637) axi_master_driver.sv(122): A modport ('axi_master_dr_mp') should not be used in a hierarchical path.
#    Time: 0 ps  Iteration: 0  Region: /axi_master_top_sv_unit::axi_master_driver File: axi_master_top.sv
# ** Warning: (vsim-8637) axi_master_driver.sv(110): A modport ('axi_master_dr_mp') should not be used in a hierarchical path.
#    Time: 0 ps  Iteration: 0  Region: /axi_master_top_sv_unit::axi_master_driver File: axi_master_top.sv
# ** Warning: (vsim-8637) axi_master_driver.sv(108): A modport ('axi_master_dr_mp') should not be used in a hierarchical path.
#    Time: 0 ps  Iteration: 0  Region: /axi_master_top_sv_unit::axi_master_driver File: axi_master_top.sv
# ** Warning: (vsim-8637) axi_master_driver.sv(107): A modport ('axi_master_dr_mp') should not be used in a hierarchical path.
#    Time: 0 ps  Iteration: 0  Region: /axi_master_top_sv_unit::axi_master_driver File: axi_master_top.sv
# ** Warning: (vsim-8637) axi_master_driver.sv(106): A modport ('axi_master_dr_mp') should not be used in a hierarchical path.
#    Time: 0 ps  Iteration: 0  Region: /axi_master_top_sv_unit::axi_master_driver File: axi_master_top.sv
# ** Warning: (vsim-8637) axi_master_driver.sv(101): A modport ('axi_master_dr_mp') should not be used in a hierarchical path.
#    Time: 0 ps  Iteration: 0  Region: /axi_master_top_sv_unit::axi_master_driver File: axi_master_top.sv
# ** Warning: (vsim-8637) axi_master_driver.sv(124): A modport ('axi_master_dr_mp') should not be used in a hierarchical path.
#    Time: 0 ps  Iteration: 0  Region: /axi_master_top_sv_unit::axi_master_driver File: axi_master_top.sv
# ** Warning: (vsim-8637) axi_master_driver.sv(90): A modport ('axi_master_dr_mp') should not be used in a hierarchical path.
#    Time: 0 ps  Iteration: 0  Region: /axi_master_top_sv_unit::axi_master_driver File: axi_master_top.sv
# ** Warning: (vsim-8637) axi_master_driver.sv(89): A modport ('axi_master_dr_mp') should not be used in a hierarchical path.
#    Time: 0 ps  Iteration: 0  Region: /axi_master_top_sv_unit::axi_master_driver File: axi_master_top.sv
# ** Warning: (vsim-8637) axi_master_driver.sv(88): A modport ('axi_master_dr_mp') should not be used in a hierarchical path.
#    Time: 0 ps  Iteration: 0  Region: /axi_master_top_sv_unit::axi_master_driver File: axi_master_top.sv
# ** Warning: (vsim-8637) axi_master_driver.sv(87): A modport ('axi_master_dr_mp') should not be used in a hierarchical path.
#    Time: 0 ps  Iteration: 0  Region: /axi_master_top_sv_unit::axi_master_driver File: axi_master_top.sv
# ** Warning: (vsim-8637) axi_master_driver.sv(86): A modport ('axi_master_dr_mp') should not be used in a hierarchical path.
#    Time: 0 ps  Iteration: 0  Region: /axi_master_top_sv_unit::axi_master_driver File: axi_master_top.sv
# ** Warning: (vsim-8637) axi_master_driver.sv(85): A modport ('axi_master_dr_mp') should not be used in a hierarchical path.
#    Time: 0 ps  Iteration: 0  Region: /axi_master_top_sv_unit::axi_master_driver File: axi_master_top.sv
# ** Warning: (vsim-8637) axi_master_driver.sv(84): A modport ('axi_master_dr_mp') should not be used in a hierarchical path.
#    Time: 0 ps  Iteration: 0  Region: /axi_master_top_sv_unit::axi_master_driver File: axi_master_top.sv
# ** Warning: (vsim-8637) axi_master_driver.sv(83): A modport ('axi_master_dr_mp') should not be used in a hierarchical path.
#    Time: 0 ps  Iteration: 0  Region: /axi_master_top_sv_unit::axi_master_driver File: axi_master_top.sv
# ** Warning: (vsim-8637) axi_master_driver.sv(82): A modport ('axi_master_dr_mp') should not be used in a hierarchical path.
#    Time: 0 ps  Iteration: 0  Region: /axi_master_top_sv_unit::axi_master_driver File: axi_master_top.sv
# ** Warning: (vsim-8637) axi_master_driver.sv(79): A modport ('axi_master_dr_mp') should not be used in a hierarchical path.
#    Time: 0 ps  Iteration: 0  Region: /axi_master_top_sv_unit::axi_master_driver File: axi_master_top.sv
# ** Warning: (vsim-8637) axi_master_driver.sv(124): A modport ('axi_master_dr_mp') should not be used in a hierarchical path.
#    Time: 0 ps  Iteration: 0  Region: /axi_master_top_sv_unit::axi_master_driver File: axi_master_top.sv
# ** Warning: (vsim-8637) axi_master_driver.sv(52): A modport ('axi_master_dr_mp') should not be used in a hierarchical path.
#    Time: 0 ps  Iteration: 0  Region: /axi_master_top_sv_unit::axi_master_driver File: axi_master_top.sv
# ** Warning: (vsim-8637) axi_master_driver.sv(51): A modport ('axi_master_dr_mp') should not be used in a hierarchical path.
#    Time: 0 ps  Iteration: 0  Region: /axi_master_top_sv_unit::axi_master_driver File: axi_master_top.sv
# ** Warning: (vsim-8637) axi_master_driver.sv(49): A modport ('axi_master_dr_mp') should not be used in a hierarchical path.
#    Time: 0 ps  Iteration: 0  Region: /axi_master_top_sv_unit::axi_master_driver File: axi_master_top.sv
# ** Warning: (vsim-8637) axi_master_driver.sv(48): A modport ('axi_master_dr_mp') should not be used in a hierarchical path.
#    Time: 0 ps  Iteration: 0  Region: /axi_master_top_sv_unit::axi_master_driver File: axi_master_top.sv
# Loading /tools/mentor/questasim_10.6c/questasim/uvm-1.1d/linux/uvm_dpi.so
# ----------------------------------------------------------------
# UVM-1.1d
# (C) 2007-2013 Mentor Graphics Corporation
# (C) 2007-2013 Cadence Design Systems, Inc.
# (C) 2006-2013 Synopsys, Inc.
# (C) 2011-2013 Cypress Semiconductor Corp.
# ----------------------------------------------------------------
# 
#   ***********       IMPORTANT RELEASE NOTES         ************
# 
#   You are using a version of the UVM library that has been compiled
#   with `UVM_NO_DEPRECATED undefined.
#   See http://www.eda.org/svdb/view.php?id=3313 for more details.
# 
#   You are using a version of the UVM library that has been compiled
#   with `UVM_OBJECT_MUST_HAVE_CONSTRUCTOR undefined.
#   See http://www.eda.org/svdb/view.php?id=3770 for more details.
# 
#       (Specify +UVM_NO_RELNOTES to turn off this notice)
# 
# UVM_INFO verilog_src/questa_uvm_pkg-1.2/src/questa_uvm_pkg.sv(215) @ 0: reporter [Questa UVM] QUESTA_UVM-1.2.3
# UVM_INFO verilog_src/questa_uvm_pkg-1.2/src/questa_uvm_pkg.sv(217) @ 0: reporter [Questa UVM]  questa_uvm::init(+struct)
# UVM_INFO axi_master_top.sv(78) @ 0: reporter [TOP] in top
# UVM_INFO @ 0: reporter [RNTST] Running test axi_master_write_16b_test...
# UVM_INFO test/axi_base_test.sv(57) @ 0: uvm_test_top [axi_master_write_16b_test] Inside BASE_TEST
# UVM_INFO axi_master_driver.sv(57) @ 10000: uvm_test_top.axi_master_env_h.axi_master_agt.axi_master_drv_h [driver] before get next
# ** Error: (vsim-3971) $cast to type 'axi4_globals_pkg.enum bit[7:0] ' from 'reg[7:0]' failed in file monitor/axi_master_monitor.sv at line 153.
#    Time: 10 ns  Iteration: 1  Region: /axi_master_top_sv_unit::axi_master_monitor::run_phase
# ** Error: (vsim-3971) $cast to type 'axi4_globals_pkg.enum bit[2:0] ' from 'reg[2:0]' failed in file monitor/axi_master_monitor.sv at line 156.
#    Time: 10 ns  Iteration: 1  Region: /axi_master_top_sv_unit::axi_master_monitor::run_phase
# ** Error: (vsim-3971) $cast to type 'axi4_globals_pkg.enum bit[1:0] ' from 'reg[1:0]' failed in file monitor/axi_master_monitor.sv at line 157.
#    Time: 10 ns  Iteration: 1  Region: /axi_master_top_sv_unit::axi_master_monitor::run_phase
# ** Error: (vsim-3971) $cast to type 'axi4_globals_pkg.enum bit ' from 'reg' failed in file monitor/axi_master_monitor.sv at line 158.
#    Time: 10 ns  Iteration: 1  Region: /axi_master_top_sv_unit::axi_master_monitor::run_phase
# ** Error: (vsim-3971) $cast to type 'axi4_globals_pkg.enum bit[3:0] ' from 'reg[3:0]' failed in file monitor/axi_master_monitor.sv at line 159.
#    Time: 10 ns  Iteration: 1  Region: /axi_master_top_sv_unit::axi_master_monitor::run_phase
# Break key hit
# Break in NamedBeginStat axi_master_top_sv_unit/axi_master_monitor::run_phase/FOREVER/LOW_RESET/WRITE_PROCESS/WRITE_DATA/WHILE_LOOP_WRITE at monitor/axi_master_monitor.sv line 106
# Stopped at monitor/axi_master_monitor.sv line 106
